<?xml version="1.0" encoding="UTF-8"?>
<!-- Generated by org.testng.reporters.JUnitReportReporter -->
<testsuite hostname="Mahesh" name="myPack.Radhika" tests="4" failures="0" timestamp="9 Jan 2021 12:20:03 GMT" time="47.944" errors="0">
  <testcase name="verifyLogin" time="11.531" classname="myPack.Radhika"/>
  <testcase name="deleteEmp" time="0.003" classname="myPack.Radhika"/>
  <testcase name="addEmp" time="36.409" classname="myPack.Radhika"/>
  <testcase name="editEmp" time="0.001" classname="myPack.Radhika"/>
</testsuite> <!-- myPack.Radhika -->
